#
# There is insufficient memory for the Java Runtime Environment to continue.
# Native memory allocation (mmap) failed to map 134217728 bytes for G1 virtual space
# Possible reasons:
#   The system is out of physical RAM or swap space
#   The process is running with CompressedOops enabled, and the Java Heap may be blocking the growth of the native heap
# Possible solutions:
#   Reduce memory load on the system
#   Increase physical memory or swap space
#   Check if swap backing store is full
#   Decrease Java heap size (-Xmx/-Xms)
#   Decrease number of Java threads
#   Decrease Java thread stack sizes (-Xss)
#   Set larger code cache with -XX:ReservedCodeCacheSize=
#   JVM is running with Unscaled Compressed Oops mode in which the Java heap is
#     placed in the first 4GB address space. The Java Heap base address is the
#     maximum limit for the native heap growth. Please use -XX:HeapBaseMinAddress
#     to set the Java Heap base and to place the Java Heap above 4GB virtual address.
# This output file may be truncated or incomplete.
#
#  Out of Memory Error (os_windows.cpp:3466), pid=18084, tid=13724
#
# JRE version:  (16.0.1+9) (build )
# Java VM: OpenJDK 64-Bit Server VM (16.0.1+9-24, mixed mode, sharing, tiered, compressed oops, compressed class ptrs, g1 gc, windows-amd64)
# No core dump will be written. Minidumps are not enabled by default on client versions of Windows
#

---------------  S U M M A R Y ------------

Command Line: -Dfile.encoding=MS949 -XX:+ShowCodeDetailsInExceptionMessages ex5_collection.Ex3_ArrayList

Host: Intel(R) Core(TM) i5-7200U CPU @ 2.50GHz, 4 cores, 7G,  Windows 10 , 64 bit Build 19041 (10.0.19041.1202)
Time: Tue Nov  2 17:12:01 2021  Windows 10 , 64 bit Build 19041 (10.0.19041.1202) elapsed time: 0.031615 seconds (0d 0h 0m 0s)

---------------  T H R E A D  ---------------

Current thread (0x000001d0ea26ad00):  JavaThread "Unknown thread" [_thread_in_vm, id=13724, stack(0x000000c031b00000,0x000000c031c00000)]

Stack: [0x000000c031b00000,0x000000c031c00000]
Native frames: (J=compiled Java code, j=interpreted, Vv=VM code, C=native code)
V  [jvm.dll+0x6687ca]
V  [jvm.dll+0x7ca3c9]
V  [jvm.dll+0x7cbb53]
V  [jvm.dll+0x7cc1b3]
V  [jvm.dll+0x242ea5]
V  [jvm.dll+0x665589]
V  [jvm.dll+0x65a175]
V  [jvm.dll+0x2fc5ab]
V  [jvm.dll+0x3037a6]
V  [jvm.dll+0x352fee]
V  [jvm.dll+0x35321f]
V  [jvm.dll+0x2d3618]
V  [jvm.dll+0x2d4854]
V  [jvm.dll+0x79ccb1]
V  [jvm.dll+0x360de1]
V  [jvm.dll+0x77a990]
V  [jvm.dll+0x3e55af]
V  [jvm.dll+0x3e7081]
C  [jli.dll+0x52fb]
C  [ucrtbase.dll+0x21bb2]
C  [KERNEL32.DLL+0x17034]
C  [ntdll.dll+0x52651]


---------------  P R O C E S S  ---------------

Threads class SMR info:
_java_thread_list=0x00007ffd3ee1cbb8, length=0, elements={
}

Java Threads: ( => current thread )

Other Threads:
  0x000001d0ea2ab400 GCTaskThread "GC Thread#0" [stack: 0x000000c031c00000,0x000000c031d00000] [id=16652]
  0x000001d0ea2bd290 ConcurrentGCThread "G1 Main Marker" [stack: 0x000000c031d00000,0x000000c031e00000] [id=11684]
  0x000001d0ea2be520 ConcurrentGCThread "G1 Conc#0" [stack: 0x000000c031e00000,0x000000c031f00000] [id=18408]

[error occurred during error reporting (printing all threads), id 0xc0000005, EXCEPTION_ACCESS_VIOLATION (0xc0000005) at pc=0x00007ffd3e5f44d7]

VM state: not at safepoint (not fully initialized)

VM Mutex/Monitor currently owned by a thread:  ([mutex/lock_event])
[0x000001d0ea2679f0] Heap_lock - owner thread: 0x000001d0ea26ad00

Heap address: 0x0000000081600000, size: 2026 MB, Compressed Oops mode: 32-bit

CDS archive(s) mapped at: [0x0000000000000000-0x0000000000000000-0x0000000000000000), size 0, SharedBaseAddress: 0x0000000800000000, ArchiveRelocationMode: 0.
Narrow klass base: 0x0000000000000000, Narrow klass shift: 0, Narrow klass range: 0x0

GC Precious Log:
<Empty>

Heap:
 garbage-first heap   total 0K, used 0K [0x0000000081600000, 0x0000000100000000)
  region size 1024K, 0 young (0K), 0 survivors (0K)

[error occurred during error reporting (printing heap information), id 0xc0000005, EXCEPTION_ACCESS_VIOLATION (0xc0000005) at pc=0x00007ffd3e9d24ed]

GC Heap History (0 events):
No events

Deoptimization events (0 events):
No events

Classes unloaded (0 events):
No events

Classes redefined (0 events):
No events

Internal exceptions (0 events):
No events

Events (1 events):
Event: 0.023 Loaded shared library C:\Users\전유진\Desktop\자바\web1_pm_java\util\eclipse-jee-2021-06-R-win32-x86_64\eclipse\plugins\org.eclipse.justj.openjdk.hotspot.jre.full.win32.x86_64_16.0.1.v20210528-1205\jre\bin\java.dll


Dynamic libraries:
0x00007ff79fe50000 - 0x00007ff79fe5e000 	C:\Users\전유진\Desktop\자바\web1_pm_java\util\eclipse-jee-2021-06-R-win32-x86_64\eclipse\plugins\org.eclipse.justj.openjdk.hotspot.jre.full.win32.x86_64_16.0.1.v20210528-1205\jre\bin\javaw.exe
0x00007ffd96dd0000 - 0x00007ffd96fc5000 	C:\WINDOWS\SYSTEM32\ntdll.dll
0x00007ffd95db0000 - 0x00007ffd95e6e000 	C:\WINDOWS\System32\KERNEL32.DLL
0x00007ffd94980000 - 0x00007ffd94c49000 	C:\WINDOWS\System32\KERNELBASE.dll
0x00007ffd94830000 - 0x00007ffd94930000 	C:\WINDOWS\System32\ucrtbase.dll
0x00007ffd7eb70000 - 0x00007ffd7eb88000 	C:\Users\전유진\Desktop\자바\web1_pm_java\util\eclipse-jee-2021-06-R-win32-x86_64\eclipse\plugins\org.eclipse.justj.openjdk.hotspot.jre.full.win32.x86_64_16.0.1.v20210528-1205\jre\bin\jli.dll
0x00007ffd95b50000 - 0x00007ffd95cf1000 	C:\WINDOWS\System32\USER32.dll
0x00007ffd94760000 - 0x00007ffd94782000 	C:\WINDOWS\System32\win32u.dll
0x00007ffd700b0000 - 0x00007ffd700c9000 	C:\Users\전유진\Desktop\자바\web1_pm_java\util\eclipse-jee-2021-06-R-win32-x86_64\eclipse\plugins\org.eclipse.justj.openjdk.hotspot.jre.full.win32.x86_64_16.0.1.v20210528-1205\jre\bin\VCRUNTIME140.dll
0x00007ffd96060000 - 0x00007ffd9608b000 	C:\WINDOWS\System32\GDI32.dll
0x00007ffd944f0000 - 0x00007ffd945fb000 	C:\WINDOWS\System32\gdi32full.dll
0x00007ffd94790000 - 0x00007ffd9482d000 	C:\WINDOWS\System32\msvcp_win.dll
0x00007ffd81160000 - 0x00007ffd813fa000 	C:\WINDOWS\WinSxS\amd64_microsoft.windows.common-controls_6595b64144ccf1df_6.0.19041.1110_none_60b5254171f9507e\COMCTL32.dll
0x00007ffd95aa0000 - 0x00007ffd95b3e000 	C:\WINDOWS\System32\msvcrt.dll
0x00007ffd95d60000 - 0x00007ffd95d90000 	C:\WINDOWS\System32\IMM32.DLL
0x00007ffd8d6d0000 - 0x00007ffd8d6dc000 	C:\Users\전유진\Desktop\자바\web1_pm_java\util\eclipse-jee-2021-06-R-win32-x86_64\eclipse\plugins\org.eclipse.justj.openjdk.hotspot.jre.full.win32.x86_64_16.0.1.v20210528-1205\jre\bin\vcruntime140_1.dll
0x00007ffd58380000 - 0x00007ffd58411000 	C:\Users\전유진\Desktop\자바\web1_pm_java\util\eclipse-jee-2021-06-R-win32-x86_64\eclipse\plugins\org.eclipse.justj.openjdk.hotspot.jre.full.win32.x86_64_16.0.1.v20210528-1205\jre\bin\msvcp140.dll
0x00007ffd3e310000 - 0x00007ffd3eebb000 	C:\Users\전유진\Desktop\자바\web1_pm_java\util\eclipse-jee-2021-06-R-win32-x86_64\eclipse\plugins\org.eclipse.justj.openjdk.hotspot.jre.full.win32.x86_64_16.0.1.v20210528-1205\jre\bin\server\jvm.dll
0x00007ffd95140000 - 0x00007ffd951ec000 	C:\WINDOWS\System32\ADVAPI32.dll
0x00007ffd94e20000 - 0x00007ffd94ebb000 	C:\WINDOWS\System32\sechost.dll
0x00007ffd95810000 - 0x00007ffd9593a000 	C:\WINDOWS\System32\RPCRT4.dll
0x00007ffd95a30000 - 0x00007ffd95a38000 	C:\WINDOWS\System32\PSAPI.DLL
0x00007ffd7b7f0000 - 0x00007ffd7b7f9000 	C:\WINDOWS\SYSTEM32\WSOCK32.dll
0x00007ffd957a0000 - 0x00007ffd9580b000 	C:\WINDOWS\System32\WS2_32.dll
0x00007ffd80250000 - 0x00007ffd80277000 	C:\WINDOWS\SYSTEM32\WINMM.dll
0x00007ffd8c930000 - 0x00007ffd8c93a000 	C:\WINDOWS\SYSTEM32\VERSION.dll
0x00007ffd92fe0000 - 0x00007ffd92ff2000 	C:\WINDOWS\SYSTEM32\kernel.appcore.dll
0x00007ffd8e660000 - 0x00007ffd8e66a000 	C:\Users\전유진\Desktop\자바\web1_pm_java\util\eclipse-jee-2021-06-R-win32-x86_64\eclipse\plugins\org.eclipse.justj.openjdk.hotspot.jre.full.win32.x86_64_16.0.1.v20210528-1205\jre\bin\jimage.dll
0x00007ffd92a40000 - 0x00007ffd92c24000 	C:\WINDOWS\SYSTEM32\DBGHELP.DLL
0x00007ffd7abe0000 - 0x00007ffd7ac0c000 	C:\WINDOWS\SYSTEM32\dbgcore.DLL
0x00007ffd94d00000 - 0x00007ffd94d83000 	C:\WINDOWS\System32\bcryptPrimitives.dll
0x00007ffd7e0e0000 - 0x00007ffd7e105000 	C:\Users\전유진\Desktop\자바\web1_pm_java\util\eclipse-jee-2021-06-R-win32-x86_64\eclipse\plugins\org.eclipse.justj.openjdk.hotspot.jre.full.win32.x86_64_16.0.1.v20210528-1205\jre\bin\java.dll

dbghelp: loaded successfully - version: 4.0.5 - missing functions: none
symbol engine: initialized successfully - sym options: 0x614 - pdb path: .;C:\Users\전유진\Desktop\자바\web1_pm_java\util\eclipse-jee-2021-06-R-win32-x86_64\eclipse\plugins\org.eclipse.justj.openjdk.hotspot.jre.full.win32.x86_64_16.0.1.v20210528-1205\jre\bin;C:\WINDOWS\SYSTEM32;C:\WINDOWS\WinSxS\amd64_microsoft.windows.common-controls_6595b64144ccf1df_6.0.19041.1110_none_60b5254171f9507e;C:\Users\전유진\Desktop\자바\web1_pm_java\util\eclipse-jee-2021-06-R-win32-x86_64\eclipse\plugins\org.eclipse.justj.openjdk.hotspot.jre.full.win32.x86_64_16.0.1.v20210528-1205\jre\;C:\Users\전유진\Desktop\자바\web1_pm_java\util\eclipse-jee-2021-06-R-win32-x86_64\eclipse\plugins\org.eclipse.justj.openjdk.hotspot.jre.full.win32.x86_64_16.0.1.v20210528-1205

VM Arguments:
jvm_args: -Dfile.encoding=MS949 -XX:+ShowCodeDetailsInExceptionMessages 
java_command: ex5_collection.Ex3_ArrayList
java_class_path (initial): C:\Users\전유진\Desktop\자바\web1_pm_java\work\lastDay\bin
Launcher Type: SUN_STANDARD

[Global flags]
     intx CICompilerCount                          = 3                                         {product} {ergonomic}
     uint ConcGCThreads                            = 1                                         {product} {ergonomic}
     uint G1ConcRefinementThreads                  = 4                                         {product} {ergonomic}
   size_t G1HeapRegionSize                         = 1048576                                   {product} {ergonomic}
    uintx GCDrainStackTargetSize                   = 64                                        {product} {ergonomic}
   size_t InitialHeapSize                          = 134217728                                 {product} {ergonomic}
   size_t MarkStackSize                            = 4194304                                   {product} {ergonomic}
   size_t MaxHeapSize                              = 2124414976                                {product} {ergonomic}
   size_t MinHeapDeltaBytes                        = 1048576                                   {product} {ergonomic}
   size_t MinHeapSize                              = 8388608                                   {product} {ergonomic}
    uintx NonNMethodCodeHeapSize                   = 5832780                                {pd product} {ergonomic}
    uintx NonProfiledCodeHeapSize                  = 122912730                              {pd product} {ergonomic}
    uintx ProfiledCodeHeapSize                     = 122912730                              {pd product} {ergonomic}
    uintx ReservedCodeCacheSize                    = 251658240                              {pd product} {ergonomic}
     bool SegmentedCodeCache                       = true                                      {product} {ergonomic}
     bool ShowCodeDetailsInExceptionMessages       = true                                   {manageable} {command line}
   size_t SoftMaxHeapSize                          = 2124414976                             {manageable} {ergonomic}
     bool UseCompressedClassPointers               = true                           {product lp64_product} {ergonomic}
     bool UseCompressedOops                        = true                           {product lp64_product} {ergonomic}
     bool UseG1GC                                  = true                                      {product} {ergonomic}
     bool UseLargePagesIndividualAllocation        = false                                  {pd product} {ergonomic}

Logging:
Log output configuration:
 #0: stdout all=warning uptime,level,tags
 #1: stderr all=off uptime,level,tags

Environment Variables:
JAVA_HOME=C:\Program Files\Java\jdk-11.0.11
CLASSPATH=C:\Program Files\Java\jdk-11.0.11\lib;.
PATH=C:/Users/전유진/Desktop/자바/web1_pm_java/util/eclipse-jee-2021-06-R-win32-x86_64/eclipse//plugins/org.eclipse.justj.openjdk.hotspot.jre.full.win32.x86_64_16.0.1.v20210528-1205/jre/bin/server;C:/Users/전유진/Desktop/자바/web1_pm_java/util/eclipse-jee-2021-06-R-win32-x86_64/eclipse//plugins/org.eclipse.justj.openjdk.hotspot.jre.full.win32.x86_64_16.0.1.v20210528-1205/jre/bin;C:\app\jacomyou\product\21c\dbhomeXE\bin;C:\app\users\dbhomeXE\bin;C:\app\users\product\21c\dbhomeXE\bin;C:\Users\dbhomeXE\bin;D:\DBMS2021\dbhomeXE\bin;C:\Anaconda3;C:\Anaconda3\Library\mingw-w64\bin;C:\Anaconda3\Library\usr\bin;C:\Anaconda3\Library\bin;C:\Anaconda3\Scripts;C:\Anaconda31;C:\Anaconda31\Library\mingw-w64\bin;C:\Anaconda31\Library\usr\bin;C:\Anaconda31\Library\bin;C:\Anaconda31\Scripts;C:\Program Files\Java\jdk-11.0.11\bin;C:\Program Files\Common Files\Oracle\Java\javapath;C:\Program Files (x86)\Common Files\Oracle\Java\javapath;C:\windows\system32;C:\windows;C:\windows\System32\Wbem;C:\windows\System32\WindowsPowerShell\v1.0\;C:\Program Files (x86)\NVIDIA Corporation\PhysX\Common;C:\Program Files\Intel\WiFi\bin\;C:\Program Files\Common Files\Intel\WirelessCommon\;C:\WINDOWS\system32;C:\WINDOWS;C:\WINDOWS\System32\Wbem;C:\WINDOWS\System32\WindowsPowerShell\v1.0\;C:\WINDOWS\System32\OpenSSH\;C:\ProgramData\chocolatey\bin;C:\Program Files\Git\cmd;C:\Program Files\Java\jdk1.8\bin;D:\anaconda;D:\anaconda\Library\mingw-w64\bin;D:\anaconda\Library\usr\bin;D:\anaconda\Library\bin;D:\anaconda\Scripts;C:\Anaconda31\Scripts;C:\Anaconda31;C:\Users\전유진\AppData\Local\Microsoft\WindowsApps;C:\Users\전유진\AppData\Local\Microsoft\WindowsApps;C:\Program Files\Java\jdk-11.0.11\bin;D:\Microsoft VS Code\bin;C:\Program Files\Java\jdk-11.0.11\bin;.;C:\Users\전유진\Desktop\IntelliJ IDEA Community Edition 2021.2\bin;;C:\Program Files\Bandizip\;C:\Users\전유진\Desktop\자바\web1_pm_java\util\eclipse-jee-2021-06-R-win32-x86_64\eclipse;
USERNAME=jacomyou
OS=Windows_NT
PROCESSOR_IDENTIFIER=Intel64 Family 6 Model 142 Stepping 9, GenuineIntel



---------------  S Y S T E M  ---------------

OS:
 Windows 10 , 64 bit Build 19041 (10.0.19041.1202)
OS uptime: 2 days 16:55 hours

CPU: total 4 (initial active 4) (2 cores per cpu, 2 threads per core) family 6 model 142 stepping 9 microcode 0xb4, cx8, cmov, fxsr, ht, mmx, 3dnowpref, sse, sse2, sse3, ssse3, sse4.1, sse4.2, popcnt, lzcnt, tsc, tscinvbit, avx, avx2, aes, erms, clmul, bmi1, bmi2, adx, fma, vzeroupper, clflush, clflushopt

Memory: 4k page, system-wide physical 8102M (1214M free)
TotalPageFile size 22442M (AvailPageFile size 84M)
current process WorkingSet (physical memory assigned to process): 10M, peak: 10M
current process commit charge ("private bytes"): 51M, peak: 179M

vm_info: OpenJDK 64-Bit Server VM (16.0.1+9-24) for windows-amd64 JRE (16.0.1+9-24), built on Mar 26 2021 19:30:07 by "mach5one" with MS VC++ 16.7 (VS2019)

END.
